This is pdfTeX, Version 3.1415926-2.4-1.40.13 (TeX Live 2012) (format=pdflatex 2012.6.30)  4 FEB 2015 21:56
entering extended mode
 restricted \write18 enabled.
 %&-line parsing enabled.
**title.tex
(./title.tex
LaTeX2e <2011/06/27>
Babel <v3.8m> and hyphenation patterns for english, dumylang, nohyphenation, ge
rman-x-2012-05-30, ngerman-x-2012-05-30, afrikaans, ancientgreek, ibycus, arabi
c, armenian, basque, bulgarian, catalan, pinyin, coptic, croatian, czech, danis
h, dutch, ukenglish, usenglishmax, esperanto, estonian, ethiopic, farsi, finnis
h, french, friulan, galician, german, ngerman, swissgerman, monogreek, greek, h
ungarian, icelandic, assamese, bengali, gujarati, hindi, kannada, malayalam, ma
rathi, oriya, panjabi, tamil, telugu, indonesian, interlingua, irish, italian, 
kurmanji, latin, latvian, lithuanian, mongolian, mongolianlmc, bokmal, nynorsk,
 polish, portuguese, romanian, romansh, russian, sanskrit, serbian, serbianc, s
lovak, slovenian, spanish, swedish, turkish, turkmen, ukrainian, uppersorbian, 
welsh, loaded.

! LaTeX Error: Environment titlepage undefined.

See the LaTeX manual or LaTeX Companion for explanation.
Type  H <return>  for immediate help.
 ...                                              
                                                  
l.1 \begin{titlepage}
                     
Your command was ignored.
Type  I <command> <return>  to replace it with another command,
or  <return>  to continue without it.


! LaTeX Error: Missing \begin{document}.

See the LaTeX manual or LaTeX Companion for explanation.
Type  H <return>  for immediate help.
 ...                                              
                                                  
l.3 \begin{center}
                  
You're in trouble here.  Try typing  <return>  to proceed.
If that doesn't work, type  X <return>  to quit.


Overfull \hbox (20.0pt too wide) in paragraph at lines 3--3
[] 
 []

! Undefined control sequence.
<recently read> \LARGE 
                       
l.7 \textsc{\LARGE EMF}
                       \\[1.5cm]
The control sequence at the end of the top line
of your error message was never \def'ed. If you have
misspelled it (e.g., `\hobx'), type `I' and the correct
spelling (e.g., `I\hbox'). Otherwise just continue,
and I'll forget about whatever was undefined.


Overfull \hbox (24.4303pt too wide) in paragraph at lines 7--7
 \OT1/cmr/m/sc/10 EMF 
 []

! Undefined control sequence.
<recently read> \Large 
                       
l.11     Technik \& Architektur}
                                \\[0.5cm]
The control sequence at the end of the top line
of your error message was never \def'ed. If you have
misspelled it (e.g., `\hobx'), type `I' and the correct
spelling (e.g., `I\hbox'). Otherwise just continue,
and I'll forget about whatever was undefined.


Overfull \hbox (60.00523pt too wide) in paragraph at lines 11--11
 []\OT1/cmr/m/sc/10 Hochschule 
 []


Overfull \hbox (35.72205pt too wide) in paragraph at lines 11--11
 \OT1/cmr/m/sc/10 Luzern 
 []


Overfull \hbox (40.99422pt too wide) in paragraph at lines 11--11
 []\OT1/cmr/m/sc/10 Technik 
 []


Overfull \hbox (8.44437pt too wide) in paragraph at lines 11--11
 \OT1/cmr/m/sc/10 & 
 []


Overfull \hbox (17.93875pt too wide) in paragraph at lines 11--11
 \OT1/cmr/m/sc/10 Ar- 
 []


Overfull \hbox (36.68867pt too wide) in paragraph at lines 11--11
 \OT1/cmr/m/sc/10 chitek- 
 []


Overfull \hbox (18.06659pt too wide) in paragraph at lines 11--11
 \OT1/cmr/m/sc/10 tur 
 []

! Undefined control sequence.
l.18 {   \Huge
               \bfseries ECS VHDL\\
The control sequence at the end of the top line
of your error message was never \def'ed. If you have
misspelled it (e.g., `\hobx'), type `I' and the correct
spelling (e.g., `I\hbox'). Otherwise just continue,
and I'll forget about whatever was undefined.


Overfull \hbox (22.24988pt too wide) in paragraph at lines 18--18
 []\OT1/cmr/bx/n/10 ECS 
 []


Overfull \hbox (33.43037pt too wide) in paragraph at lines 18--18
 \OT1/cmr/bx/n/10 VHDL 
 []

! Undefined control sequence.
<recently read> \large 
                       
l.20         \large
                    EMF Labor}\\[0.4cm]
The control sequence at the end of the top line
of your error message was never \def'ed. If you have
misspelled it (e.g., `\hobx'), type `I' and the correct
spelling (e.g., `I\hbox'). Otherwise just continue,
and I'll forget about whatever was undefined.


Overfull \hbox (25.70819pt too wide) in paragraph at lines 20--20
 []\OT1/cmr/bx/n/10 EMF 
 []


Overfull \hbox (16.34016pt too wide) in paragraph at lines 20--20
 \OT1/cmr/bx/n/10 La- 
 []


Overfull \hbox (17.19437pt too wide) in paragraph at lines 20--20
 \OT1/cmr/bx/n/10 bor 
 []

! Undefined control sequence.
l.26     \begin{flushleft} \large
                                 
The control sequence at the end of the top line
of your error message was never \def'ed. If you have
misspelled it (e.g., `\hobx'), type `I' and the correct
spelling (e.g., `I\hbox'). Otherwise just continue,
and I'll forget about whatever was undefined.

Missing character: There is no M in font nullfont!
Missing character: There is no a in font nullfont!
Missing character: There is no r in font nullfont!
Missing character: There is no c in font nullfont!
Missing character: There is no e in font nullfont!
Missing character: There is no l in font nullfont!
LaTeX Font Info:    External font `cmex10' loaded for size
(Font)              <7> on input line 31.
LaTeX Font Info:    External font `cmex10' loaded for size
(Font)              <5> on input line 31.
! Undefined control sequence.
l.34     \begin{flushright} \large
                                  
The control sequence at the end of the top line
of your error message was never \def'ed. If you have
misspelled it (e.g., `\hobx'), type `I' and the correct
spelling (e.g., `I\hbox'). Otherwise just continue,
and I'll forget about whatever was undefined.

Missing character: There is no M in font nullfont!
Missing character: There is no a in font nullfont!
Missing character: There is no r in font nullfont!
Missing character: There is no c in font nullfont!
Missing character: There is no e in font nullfont!
Missing character: There is no l in font nullfont!

Overfull \hbox (3276.74998pt too wide) in paragraph at lines 25--39
 []$[]$ 
 []


Overfull \hbox (3276.74998pt too wide) in paragraph at lines 25--39
 []$ 
 []

! Undefined control sequence.
l.45 {\large
             Horw\\ \today}
The control sequence at the end of the top line
of your error message was never \def'ed. If you have
misspelled it (e.g., `\hobx'), type `I' and the correct
spelling (e.g., `I\hbox'). Otherwise just continue,
and I'll forget about whatever was undefined.

Missing character: There is no H in font nullfont!
Missing character: There is no o in font nullfont!
Missing character: There is no r in font nullfont!
Missing character: There is no w in font nullfont!
! Undefined control sequence.
<recently read> \today 
                       
l.45 {\large Horw\\ \today
                          }
The control sequence at the end of the top line
of your error message was never \def'ed. If you have
misspelled it (e.g., `\hobx'), type `I' and the correct
spelling (e.g., `I\hbox'). Otherwise just continue,
and I'll forget about whatever was undefined.


! LaTeX Error: \begin{document} ended by \end{titlepage}.

See the LaTeX manual or LaTeX Companion for explanation.
Type  H <return>  for immediate help.
 ...                                              
                                                  
l.49 \end{titlepage}
                    
Your command was ignored.
Type  I <command> <return>  to replace it with another command,
or  <return>  to continue without it.

)
! Emergency stop.
<*> title.tex
             
*** (job aborted, no legal \end found)

 
Here is how much of TeX's memory you used:
 19 strings out of 493488
 250 string characters out of 3141326
 50432 words of memory out of 3000000
 3424 multiletter control sequences out of 15000+200000
 4595 words of font info for 17 fonts, out of 3000000 for 9000
 957 hyphenation exceptions out of 8191
 20i,3n,18p,70b,226s stack positions out of 5000i,500n,10000p,200000b,50000s
!  ==> Fatal error occurred, no output PDF file produced!
